<?xml version="1.0" encoding="UTF-8"?>
<testng-results ignored="0" total="1" passed="1" failed="0" skipped="0">
  <reporter-output>
  </reporter-output>
  <suite started-at="2022-04-05T11:32:48 EDT" name="Default suite" finished-at="2022-04-05T11:33:15 EDT" duration-ms="27159">
    <groups>
    </groups>
    <test started-at="2022-04-05T11:32:48 EDT" name="Default test" finished-at="2022-04-05T11:33:15 EDT" duration-ms="27159">
      <class name="test.AutomationChromeBase">
        <test-method signature="setupCapabilities()[pri:0, instance:test.AutomationChromeBase@74e52303]" started-at="2022-04-05T11:32:48 EDT" name="setupCapabilities" finished-at="2022-04-05T11:33:15 EDT" duration-ms="27126" status="PASS">
          <reporter-output>
          </reporter-output>
        </test-method> <!-- setupCapabilities -->
      </class> <!-- test.AutomationChromeBase -->
    </test> <!-- Default test -->
  </suite> <!-- Default suite -->
</testng-results>
